<?xml version="1.0" encoding="UTF-8" ?>
<testsuite tests="3" failures="0" name="org.apache.sqoop.job.TestMapReduce" time="3.212" errors="2" skipped="0">
  <properties>
    <property name="idea.version" value="14.0.2"/>
    <property name="java.runtime.name" value="Java(TM) SE Runtime Environment"/>
    <property name="sun.boot.library.path" value="E:\Java\jdk1.8.0_05\jre\bin"/>
    <property name="java.vm.version" value="25.5-b02"/>
    <property name="java.vm.vendor" value="Oracle Corporation"/>
    <property name="java.vendor.url" value="http://java.oracle.com/"/>
    <property name="path.separator" value=";"/>
    <property name="guice.disable.misplaced.annotation.check" value="true"/>
    <property name="java.vm.name" value="Java HotSpot(TM) 64-Bit Server VM"/>
    <property name="file.encoding.pkg" value="sun.io"/>
    <property name="idea.launcher.port" value="7532"/>
    <property name="user.script" value=""/>
    <property name="user.country" value="CN"/>
    <property name="sun.java.launcher" value="SUN_STANDARD"/>
    <property name="sun.os.patch.level" value="Service Pack 1"/>
    <property name="java.vm.specification.name" value="Java Virtual Machine Specification"/>
    <property name="user.dir" value="D:\stormRTDevGitHub\sqoop-1.99.4-custom"/>
    <property name="java.runtime.version" value="1.8.0_05-b13"/>
    <property name="java.awt.graphicsenv" value="sun.awt.Win32GraphicsEnvironment"/>
    <property name="java.endorsed.dirs" value="E:\Java\jdk1.8.0_05\jre\lib\endorsed"/>
    <property name="os.arch" value="amd64"/>
    <property name="java.io.tmpdir" value="C:\Users\WANGXU~1\AppData\Local\Temp\"/>
    <property name="line.separator" value="
"/>
    <property name="java.vm.specification.vendor" value="Oracle Corporation"/>
    <property name="user.variant" value=""/>
    <property name="os.name" value="Windows 7"/>
    <property name="classworlds.conf" value="C:\Program Files\Apache Software Foundation\apache-maven-3.2.1\bin\m2.conf"/>
    <property name="sun.jnu.encoding" value="GBK"/>
    <property name="java.library.path" value="E:\Java\jdk1.8.0_05\bin;C:\Windows\Sun\Java\bin;C:\Windows\system32;C:\Windows;C:\Program Files (x86)\NVIDIA Corporation\PhysX\Common;%CommonProgramFiles%\Microsoft Shared\Windows Live;C:\ProgramData\Oracle\Java\javapath;E:\BigData\apache-storm-0.9.1-incubating\bin;E:\Java\jdk1.8.0_05\bin;C:\Program Files\Apache Software Foundation\apache-maven-3.2.1\bin;C:\Windows\system32;C:\Windows;C:\Windows\System32\Wbem;C:\Windows\System32\WindowsPowerShell\v1.0\;C:\Program Files\TortoiseSVN\bin;C:\Program Files (x86)\Zend\ZendServer\share\ZendFramework\bin;C:\Program Files (x86)\Zend\ZendServer\bin;C:\Program Files (x86)\Zend\MySQL55\bin;C:\Python26;C:\Program Files (x86)\VisualSVN Server\bin;C:\Program Files (x86)\scala\bin;C:\cygwin64\bin;C:\Program Files\Common Files\Microsoft Shared\Windows Live;."/>
    <property name="java.specification.name" value="Java Platform API Specification"/>
    <property name="java.class.version" value="52.0"/>
    <property name="sun.management.compiler" value="HotSpot 64-Bit Tiered Compilers"/>
    <property name="os.version" value="6.1"/>
    <property name="user.home" value="C:\Users\wangxufeng"/>
    <property name="user.timezone" value="Asia/Shanghai"/>
    <property name="java.awt.printerjob" value="sun.awt.windows.WPrinterJob"/>
    <property name="java.specification.version" value="1.8"/>
    <property name="idea.launcher.bin.path" value="C:\Program Files (x86)\JetBrains\IntelliJ IDEA 14.0.2\bin"/>
    <property name="file.encoding" value="UTF-8"/>
    <property name="user.name" value="wangxufeng"/>
    <property name="java.class.path" value="C:\Program Files\Apache Software Foundation\apache-maven-3.2.1\boot\plexus-classworlds-2.5.1.jar;C:\Program Files (x86)\JetBrains\IntelliJ IDEA 14.0.2\lib\idea_rt.jar"/>
    <property name="org.slf4j.simpleLogger.defaultLogLevel" value="info"/>
    <property name="java.vm.specification.version" value="1.8"/>
    <property name="sun.arch.data.model" value="64"/>
    <property name="java.home" value="E:\Java\jdk1.8.0_05\jre"/>
    <property name="sun.java.command" value="com.intellij.rt.execution.application.AppMain org.codehaus.classworlds.Launcher -Didea.version=14.0.2 package"/>
    <property name="java.specification.vendor" value="Oracle Corporation"/>
    <property name="user.language" value="zh"/>
    <property name="awt.toolkit" value="sun.awt.windows.WToolkit"/>
    <property name="java.vm.info" value="mixed mode"/>
    <property name="java.version" value="1.8.0_05"/>
    <property name="java.ext.dirs" value="E:\Java\jdk1.8.0_05\jre\lib\ext;C:\Windows\Sun\Java\lib\ext"/>
    <property name="sun.boot.class.path" value="E:\Java\jdk1.8.0_05\jre\lib\resources.jar;E:\Java\jdk1.8.0_05\jre\lib\rt.jar;E:\Java\jdk1.8.0_05\jre\lib\sunrsasign.jar;E:\Java\jdk1.8.0_05\jre\lib\jsse.jar;E:\Java\jdk1.8.0_05\jre\lib\jce.jar;E:\Java\jdk1.8.0_05\jre\lib\charsets.jar;E:\Java\jdk1.8.0_05\jre\lib\jfr.jar;E:\Java\jdk1.8.0_05\jre\classes"/>
    <property name="java.vendor" value="Oracle Corporation"/>
    <property name="maven.home" value="C:\Program Files\Apache Software Foundation\apache-maven-3.2.1"/>
    <property name="file.separator" value="\"/>
    <property name="java.vendor.url.bug" value="http://bugreport.sun.com/bugreport/"/>
    <property name="sun.cpu.endian" value="little"/>
    <property name="sun.io.unicode.encoding" value="UnicodeLittle"/>
    <property name="sun.desktop" value="windows"/>
    <property name="sun.cpu.isalist" value="amd64"/>
  </properties>
  <testcase classname="org.apache.sqoop.job.TestMapReduce" name="testInputFormat" time="3.084"/>
  <testcase classname="org.apache.sqoop.job.TestMapReduce" name="testOutputFormat" time="0.101">
    <error type="java.lang.NullPointerException">java.lang.NullPointerException
	at java.lang.ProcessBuilder.start(ProcessBuilder.java:1012)
	at org.apache.hadoop.util.Shell.runCommand(Shell.java:404)
	at org.apache.hadoop.util.Shell.run(Shell.java:379)
	at org.apache.hadoop.util.Shell$ShellCommandExecutor.execute(Shell.java:589)
	at org.apache.hadoop.util.Shell.execCommand(Shell.java:678)
	at org.apache.hadoop.util.Shell.execCommand(Shell.java:661)
	at org.apache.hadoop.fs.RawLocalFileSystem.setPermission(RawLocalFileSystem.java:639)
	at org.apache.hadoop.fs.RawLocalFileSystem.mkdirs(RawLocalFileSystem.java:435)
	at org.apache.hadoop.fs.FilterFileSystem.mkdirs(FilterFileSystem.java:277)
	at org.apache.hadoop.mapreduce.JobSubmissionFiles.getStagingDir(JobSubmissionFiles.java:125)
	at org.apache.hadoop.mapreduce.JobSubmitter.submitJobInternal(JobSubmitter.java:344)
	at org.apache.hadoop.mapreduce.Job$10.run(Job.java:1268)
	at org.apache.hadoop.mapreduce.Job$10.run(Job.java:1265)
	at java.security.AccessController.doPrivileged(Native Method)
	at javax.security.auth.Subject.doAs(Subject.java:422)
	at org.apache.hadoop.security.UserGroupInformation.doAs(UserGroupInformation.java:1491)
	at org.apache.hadoop.mapreduce.Job.submit(Job.java:1265)
	at org.apache.hadoop.mapreduce.Job.waitForCompletion(Job.java:1286)
	at org.apache.sqoop.job.JobUtils.runJob(JobUtils.java:53)
	at org.apache.sqoop.job.TestMapReduce.testOutputFormat(TestMapReduce.java:124)
	at sun.reflect.NativeMethodAccessorImpl.invoke0(Native Method)
	at sun.reflect.NativeMethodAccessorImpl.invoke(NativeMethodAccessorImpl.java:62)
	at sun.reflect.DelegatingMethodAccessorImpl.invoke(DelegatingMethodAccessorImpl.java:43)
	at java.lang.reflect.Method.invoke(Method.java:483)
	at org.junit.runners.model.FrameworkMethod$1.runReflectiveCall(FrameworkMethod.java:47)
	at org.junit.internal.runners.model.ReflectiveCallable.run(ReflectiveCallable.java:12)
	at org.junit.runners.model.FrameworkMethod.invokeExplosively(FrameworkMethod.java:44)
	at org.junit.internal.runners.statements.InvokeMethod.evaluate(InvokeMethod.java:17)
	at org.junit.runners.ParentRunner.runLeaf(ParentRunner.java:271)
	at org.junit.runners.BlockJUnit4ClassRunner.runChild(BlockJUnit4ClassRunner.java:70)
	at org.junit.runners.BlockJUnit4ClassRunner.runChild(BlockJUnit4ClassRunner.java:50)
	at org.junit.runners.ParentRunner$3.run(ParentRunner.java:238)
	at org.junit.runners.ParentRunner$1.schedule(ParentRunner.java:63)
	at org.junit.runners.ParentRunner.runChildren(ParentRunner.java:236)
	at org.junit.runners.ParentRunner.access$000(ParentRunner.java:53)
	at org.junit.runners.ParentRunner$2.evaluate(ParentRunner.java:229)
	at org.junit.runners.ParentRunner.run(ParentRunner.java:309)
	at org.apache.maven.surefire.junit4.JUnit4Provider.execute(JUnit4Provider.java:236)
	at org.apache.maven.surefire.junit4.JUnit4Provider.executeTestSet(JUnit4Provider.java:134)
	at org.apache.maven.surefire.junit4.JUnit4Provider.invoke(JUnit4Provider.java:113)
	at sun.reflect.NativeMethodAccessorImpl.invoke0(Native Method)
	at sun.reflect.NativeMethodAccessorImpl.invoke(NativeMethodAccessorImpl.java:62)
	at sun.reflect.DelegatingMethodAccessorImpl.invoke(DelegatingMethodAccessorImpl.java:43)
	at java.lang.reflect.Method.invoke(Method.java:483)
	at org.apache.maven.surefire.util.ReflectionUtils.invokeMethodWithArray(ReflectionUtils.java:189)
	at org.apache.maven.surefire.booter.ProviderFactory$ProviderProxy.invoke(ProviderFactory.java:165)
	at org.apache.maven.surefire.booter.ProviderFactory.invokeProvider(ProviderFactory.java:85)
	at org.apache.maven.surefire.booter.ForkedBooter.runSuitesInProcess(ForkedBooter.java:103)
	at org.apache.maven.surefire.booter.ForkedBooter.main(ForkedBooter.java:74)
</error>
    <system-out>2831 [main] DEBUG org.apache.hadoop.security.UserGroupInformation  - PrivilegedAction as:wangxufeng (auth:SIMPLE) from:org.apache.hadoop.mapreduce.Job.connect(Job.java:1233)
2836 [main] DEBUG org.apache.hadoop.mapreduce.Cluster  - Trying ClientProtocolProvider : org.apache.hadoop.mapred.YarnClientProtocolProvider
2836 [main] DEBUG org.apache.hadoop.mapreduce.Cluster  - Cannot pick org.apache.hadoop.mapred.YarnClientProtocolProvider as the ClientProtocolProvider - returned null protocol
2838 [main] DEBUG org.apache.hadoop.mapreduce.Cluster  - Trying ClientProtocolProvider : org.apache.hadoop.mapred.LocalClientProtocolProvider
2867 [main] INFO  org.apache.hadoop.metrics.jvm.JvmMetrics  - Initializing JVM Metrics with processName=JobTracker, sessionId=
2871 [main] DEBUG org.apache.hadoop.mapreduce.Cluster  - Picked org.apache.hadoop.mapred.LocalClientProtocolProvider as the ClientProtocolProvider
2871 [main] DEBUG org.apache.hadoop.security.UserGroupInformation  - PrivilegedAction as:wangxufeng (auth:SIMPLE) from:org.apache.hadoop.mapreduce.Cluster.getFileSystem(Cluster.java:161)
2877 [main] DEBUG org.apache.hadoop.security.UserGroupInformation  - PrivilegedAction as:wangxufeng (auth:SIMPLE) from:org.apache.hadoop.mapreduce.Job.submit(Job.java:1265)
2890 [main] DEBUG org.apache.hadoop.util.Shell  - Failed to detect a valid hadoop home directory
java.io.IOException: HADOOP_HOME or hadoop.home.dir are not set.
	at org.apache.hadoop.util.Shell.checkHadoopHome(Shell.java:225)
	at org.apache.hadoop.util.Shell.&lt;clinit&gt;(Shell.java:250)
	at org.apache.hadoop.fs.RawLocalFileSystem.setPermission(RawLocalFileSystem.java:639)
	at org.apache.hadoop.fs.RawLocalFileSystem.mkdirs(RawLocalFileSystem.java:435)
	at org.apache.hadoop.fs.FilterFileSystem.mkdirs(FilterFileSystem.java:277)
	at org.apache.hadoop.mapreduce.JobSubmissionFiles.getStagingDir(JobSubmissionFiles.java:125)
	at org.apache.hadoop.mapreduce.JobSubmitter.submitJobInternal(JobSubmitter.java:344)
	at org.apache.hadoop.mapreduce.Job$10.run(Job.java:1268)
	at org.apache.hadoop.mapreduce.Job$10.run(Job.java:1265)
	at java.security.AccessController.doPrivileged(Native Method)
	at javax.security.auth.Subject.doAs(Subject.java:422)
	at org.apache.hadoop.security.UserGroupInformation.doAs(UserGroupInformation.java:1491)
	at org.apache.hadoop.mapreduce.Job.submit(Job.java:1265)
	at org.apache.hadoop.mapreduce.Job.waitForCompletion(Job.java:1286)
	at org.apache.sqoop.job.JobUtils.runJob(JobUtils.java:53)
	at org.apache.sqoop.job.TestMapReduce.testOutputFormat(TestMapReduce.java:124)
	at sun.reflect.NativeMethodAccessorImpl.invoke0(Native Method)
	at sun.reflect.NativeMethodAccessorImpl.invoke(NativeMethodAccessorImpl.java:62)
	at sun.reflect.DelegatingMethodAccessorImpl.invoke(DelegatingMethodAccessorImpl.java:43)
	at java.lang.reflect.Method.invoke(Method.java:483)
	at org.junit.runners.model.FrameworkMethod$1.runReflectiveCall(FrameworkMethod.java:47)
	at org.junit.internal.runners.model.ReflectiveCallable.run(ReflectiveCallable.java:12)
	at org.junit.runners.model.FrameworkMethod.invokeExplosively(FrameworkMethod.java:44)
	at org.junit.internal.runners.statements.InvokeMethod.evaluate(InvokeMethod.java:17)
	at org.junit.runners.ParentRunner.runLeaf(ParentRunner.java:271)
	at org.junit.runners.BlockJUnit4ClassRunner.runChild(BlockJUnit4ClassRunner.java:70)
	at org.junit.runners.BlockJUnit4ClassRunner.runChild(BlockJUnit4ClassRunner.java:50)
	at org.junit.runners.ParentRunner$3.run(ParentRunner.java:238)
	at org.junit.runners.ParentRunner$1.schedule(ParentRunner.java:63)
	at org.junit.runners.ParentRunner.runChildren(ParentRunner.java:236)
	at org.junit.runners.ParentRunner.access$000(ParentRunner.java:53)
	at org.junit.runners.ParentRunner$2.evaluate(ParentRunner.java:229)
	at org.junit.runners.ParentRunner.run(ParentRunner.java:309)
	at org.apache.maven.surefire.junit4.JUnit4Provider.execute(JUnit4Provider.java:236)
	at org.apache.maven.surefire.junit4.JUnit4Provider.executeTestSet(JUnit4Provider.java:134)
	at org.apache.maven.surefire.junit4.JUnit4Provider.invoke(JUnit4Provider.java:113)
	at sun.reflect.NativeMethodAccessorImpl.invoke0(Native Method)
	at sun.reflect.NativeMethodAccessorImpl.invoke(NativeMethodAccessorImpl.java:62)
	at sun.reflect.DelegatingMethodAccessorImpl.invoke(DelegatingMethodAccessorImpl.java:43)
	at java.lang.reflect.Method.invoke(Method.java:483)
	at org.apache.maven.surefire.util.ReflectionUtils.invokeMethodWithArray(ReflectionUtils.java:189)
	at org.apache.maven.surefire.booter.ProviderFactory$ProviderProxy.invoke(ProviderFactory.java:165)
	at org.apache.maven.surefire.booter.ProviderFactory.invokeProvider(ProviderFactory.java:85)
	at org.apache.maven.surefire.booter.ForkedBooter.runSuitesInProcess(ForkedBooter.java:103)
	at org.apache.maven.surefire.booter.ForkedBooter.main(ForkedBooter.java:74)
2893 [main] ERROR org.apache.hadoop.util.Shell  - Failed to locate the winutils binary in the hadoop binary path
java.io.IOException: Could not locate executable null\bin\winutils.exe in the Hadoop binaries.
	at org.apache.hadoop.util.Shell.getQualifiedBinPath(Shell.java:278)
	at org.apache.hadoop.util.Shell.getWinUtilsPath(Shell.java:300)
	at org.apache.hadoop.util.Shell.&lt;clinit&gt;(Shell.java:293)
	at org.apache.hadoop.fs.RawLocalFileSystem.setPermission(RawLocalFileSystem.java:639)
	at org.apache.hadoop.fs.RawLocalFileSystem.mkdirs(RawLocalFileSystem.java:435)
	at org.apache.hadoop.fs.FilterFileSystem.mkdirs(FilterFileSystem.java:277)
	at org.apache.hadoop.mapreduce.JobSubmissionFiles.getStagingDir(JobSubmissionFiles.java:125)
	at org.apache.hadoop.mapreduce.JobSubmitter.submitJobInternal(JobSubmitter.java:344)
	at org.apache.hadoop.mapreduce.Job$10.run(Job.java:1268)
	at org.apache.hadoop.mapreduce.Job$10.run(Job.java:1265)
	at java.security.AccessController.doPrivileged(Native Method)
	at javax.security.auth.Subject.doAs(Subject.java:422)
	at org.apache.hadoop.security.UserGroupInformation.doAs(UserGroupInformation.java:1491)
	at org.apache.hadoop.mapreduce.Job.submit(Job.java:1265)
	at org.apache.hadoop.mapreduce.Job.waitForCompletion(Job.java:1286)
	at org.apache.sqoop.job.JobUtils.runJob(JobUtils.java:53)
	at org.apache.sqoop.job.TestMapReduce.testOutputFormat(TestMapReduce.java:124)
	at sun.reflect.NativeMethodAccessorImpl.invoke0(Native Method)
	at sun.reflect.NativeMethodAccessorImpl.invoke(NativeMethodAccessorImpl.java:62)
	at sun.reflect.DelegatingMethodAccessorImpl.invoke(DelegatingMethodAccessorImpl.java:43)
	at java.lang.reflect.Method.invoke(Method.java:483)
	at org.junit.runners.model.FrameworkMethod$1.runReflectiveCall(FrameworkMethod.java:47)
	at org.junit.internal.runners.model.ReflectiveCallable.run(ReflectiveCallable.java:12)
	at org.junit.runners.model.FrameworkMethod.invokeExplosively(FrameworkMethod.java:44)
	at org.junit.internal.runners.statements.InvokeMethod.evaluate(InvokeMethod.java:17)
	at org.junit.runners.ParentRunner.runLeaf(ParentRunner.java:271)
	at org.junit.runners.BlockJUnit4ClassRunner.runChild(BlockJUnit4ClassRunner.java:70)
	at org.junit.runners.BlockJUnit4ClassRunner.runChild(BlockJUnit4ClassRunner.java:50)
	at org.junit.runners.ParentRunner$3.run(ParentRunner.java:238)
	at org.junit.runners.ParentRunner$1.schedule(ParentRunner.java:63)
	at org.junit.runners.ParentRunner.runChildren(ParentRunner.java:236)
	at org.junit.runners.ParentRunner.access$000(ParentRunner.java:53)
	at org.junit.runners.ParentRunner$2.evaluate(ParentRunner.java:229)
	at org.junit.runners.ParentRunner.run(ParentRunner.java:309)
	at org.apache.maven.surefire.junit4.JUnit4Provider.execute(JUnit4Provider.java:236)
	at org.apache.maven.surefire.junit4.JUnit4Provider.executeTestSet(JUnit4Provider.java:134)
	at org.apache.maven.surefire.junit4.JUnit4Provider.invoke(JUnit4Provider.java:113)
	at sun.reflect.NativeMethodAccessorImpl.invoke0(Native Method)
	at sun.reflect.NativeMethodAccessorImpl.invoke(NativeMethodAccessorImpl.java:62)
	at sun.reflect.DelegatingMethodAccessorImpl.invoke(DelegatingMethodAccessorImpl.java:43)
	at java.lang.reflect.Method.invoke(Method.java:483)
	at org.apache.maven.surefire.util.ReflectionUtils.invokeMethodWithArray(ReflectionUtils.java:189)
	at org.apache.maven.surefire.booter.ProviderFactory$ProviderProxy.invoke(ProviderFactory.java:165)
	at org.apache.maven.surefire.booter.ProviderFactory.invokeProvider(ProviderFactory.java:85)
	at org.apache.maven.surefire.booter.ForkedBooter.runSuitesInProcess(ForkedBooter.java:103)
	at org.apache.maven.surefire.booter.ForkedBooter.main(ForkedBooter.java:74)
</system-out>
  </testcase>
  <testcase classname="org.apache.sqoop.job.TestMapReduce" name="testMapper" time="0.027">
    <error type="java.lang.NullPointerException">java.lang.NullPointerException
	at java.lang.ProcessBuilder.start(ProcessBuilder.java:1012)
	at org.apache.hadoop.util.Shell.runCommand(Shell.java:404)
	at org.apache.hadoop.util.Shell.run(Shell.java:379)
	at org.apache.hadoop.util.Shell$ShellCommandExecutor.execute(Shell.java:589)
	at org.apache.hadoop.util.Shell.execCommand(Shell.java:678)
	at org.apache.hadoop.util.Shell.execCommand(Shell.java:661)
	at org.apache.hadoop.fs.RawLocalFileSystem.setPermission(RawLocalFileSystem.java:639)
	at org.apache.hadoop.fs.RawLocalFileSystem.mkdirs(RawLocalFileSystem.java:435)
	at org.apache.hadoop.fs.FilterFileSystem.mkdirs(FilterFileSystem.java:277)
	at org.apache.hadoop.mapreduce.JobSubmissionFiles.getStagingDir(JobSubmissionFiles.java:125)
	at org.apache.hadoop.mapreduce.JobSubmitter.submitJobInternal(JobSubmitter.java:344)
	at org.apache.hadoop.mapreduce.Job$10.run(Job.java:1268)
	at org.apache.hadoop.mapreduce.Job$10.run(Job.java:1265)
	at java.security.AccessController.doPrivileged(Native Method)
	at javax.security.auth.Subject.doAs(Subject.java:422)
	at org.apache.hadoop.security.UserGroupInformation.doAs(UserGroupInformation.java:1491)
	at org.apache.hadoop.mapreduce.Job.submit(Job.java:1265)
	at org.apache.hadoop.mapreduce.Job.waitForCompletion(Job.java:1286)
	at org.apache.sqoop.job.JobUtils.runJob(JobUtils.java:53)
	at org.apache.sqoop.job.TestMapReduce.testMapper(TestMapReduce.java:102)
	at sun.reflect.NativeMethodAccessorImpl.invoke0(Native Method)
	at sun.reflect.NativeMethodAccessorImpl.invoke(NativeMethodAccessorImpl.java:62)
	at sun.reflect.DelegatingMethodAccessorImpl.invoke(DelegatingMethodAccessorImpl.java:43)
	at java.lang.reflect.Method.invoke(Method.java:483)
	at org.junit.runners.model.FrameworkMethod$1.runReflectiveCall(FrameworkMethod.java:47)
	at org.junit.internal.runners.model.ReflectiveCallable.run(ReflectiveCallable.java:12)
	at org.junit.runners.model.FrameworkMethod.invokeExplosively(FrameworkMethod.java:44)
	at org.junit.internal.runners.statements.InvokeMethod.evaluate(InvokeMethod.java:17)
	at org.junit.runners.ParentRunner.runLeaf(ParentRunner.java:271)
	at org.junit.runners.BlockJUnit4ClassRunner.runChild(BlockJUnit4ClassRunner.java:70)
	at org.junit.runners.BlockJUnit4ClassRunner.runChild(BlockJUnit4ClassRunner.java:50)
	at org.junit.runners.ParentRunner$3.run(ParentRunner.java:238)
	at org.junit.runners.ParentRunner$1.schedule(ParentRunner.java:63)
	at org.junit.runners.ParentRunner.runChildren(ParentRunner.java:236)
	at org.junit.runners.ParentRunner.access$000(ParentRunner.java:53)
	at org.junit.runners.ParentRunner$2.evaluate(ParentRunner.java:229)
	at org.junit.runners.ParentRunner.run(ParentRunner.java:309)
	at org.apache.maven.surefire.junit4.JUnit4Provider.execute(JUnit4Provider.java:236)
	at org.apache.maven.surefire.junit4.JUnit4Provider.executeTestSet(JUnit4Provider.java:134)
	at org.apache.maven.surefire.junit4.JUnit4Provider.invoke(JUnit4Provider.java:113)
	at sun.reflect.NativeMethodAccessorImpl.invoke0(Native Method)
	at sun.reflect.NativeMethodAccessorImpl.invoke(NativeMethodAccessorImpl.java:62)
	at sun.reflect.DelegatingMethodAccessorImpl.invoke(DelegatingMethodAccessorImpl.java:43)
	at java.lang.reflect.Method.invoke(Method.java:483)
	at org.apache.maven.surefire.util.ReflectionUtils.invokeMethodWithArray(ReflectionUtils.java:189)
	at org.apache.maven.surefire.booter.ProviderFactory$ProviderProxy.invoke(ProviderFactory.java:165)
	at org.apache.maven.surefire.booter.ProviderFactory.invokeProvider(ProviderFactory.java:85)
	at org.apache.maven.surefire.booter.ForkedBooter.runSuitesInProcess(ForkedBooter.java:103)
	at org.apache.maven.surefire.booter.ForkedBooter.main(ForkedBooter.java:74)
</error>
    <system-out>2913 [main] DEBUG org.apache.hadoop.security.UserGroupInformation  - PrivilegedAction as:wangxufeng (auth:SIMPLE) from:org.apache.hadoop.mapreduce.Job.connect(Job.java:1233)
2913 [main] DEBUG org.apache.hadoop.mapreduce.Cluster  - Trying ClientProtocolProvider : org.apache.hadoop.mapred.YarnClientProtocolProvider
2913 [main] DEBUG org.apache.hadoop.mapreduce.Cluster  - Cannot pick org.apache.hadoop.mapred.YarnClientProtocolProvider as the ClientProtocolProvider - returned null protocol
2913 [main] DEBUG org.apache.hadoop.mapreduce.Cluster  - Trying ClientProtocolProvider : org.apache.hadoop.mapred.LocalClientProtocolProvider
2914 [main] INFO  org.apache.hadoop.metrics.jvm.JvmMetrics  - Cannot initialize JVM Metrics with processName=JobTracker, sessionId= - already initialized
2914 [main] DEBUG org.apache.hadoop.mapreduce.Cluster  - Picked org.apache.hadoop.mapred.LocalClientProtocolProvider as the ClientProtocolProvider
2914 [main] DEBUG org.apache.hadoop.security.UserGroupInformation  - PrivilegedAction as:wangxufeng (auth:SIMPLE) from:org.apache.hadoop.mapreduce.Cluster.getFileSystem(Cluster.java:161)
2915 [main] DEBUG org.apache.hadoop.security.UserGroupInformation  - PrivilegedAction as:wangxufeng (auth:SIMPLE) from:org.apache.hadoop.mapreduce.Job.submit(Job.java:1265)
</system-out>
  </testcase>
</testsuite>